# JRE version: OpenJDK Runtime Environment (Zulu 8.52.0.23-CA-win64) (8.0_282-b08) (build 1.8.0_282-b08)
# Java VM: OpenJDK 64-Bit Server VM (25.282-b08 mixed mode windows-amd64 compressed oops)
Heap:
 PSYoungGen      total 199168K, used 71424K [0x00000000d5580000, 0x00000000e3f80000, 0x0000000100000000)
  eden space 187904K, 32% used [0x00000000d5580000,0x00000000d91a7b40,0x00000000e0d00000)
  from space 11264K, 87% used [0x00000000e0d00000,0x00000000e1698540,0x00000000e1800000)
  to   space 12288K, 0% used [0x00000000e3380000,0x00000000e3380000,0x00000000e3f80000)
 ParOldGen       total 84480K, used 9822K [0x0000000080000000, 0x0000000085280000, 0x00000000d5580000)
  object space 84480K, 11% used [0x0000000080000000,0x0000000080997aa0,0x0000000085280000)
 Metaspace       used 30298K, capacity 31162K, committed 31360K, reserved 1077248K
  class space    used 3611K, capacity 3865K, committed 3968K, reserved 1048576K
GC Heap History (10 events):
Event: 2.778 GC heap before
{Heap before GC invocations=4 (full 0):
 PSYoungGen      total 57344K, used 55527K [0x00000000d5580000, 0x00000000dc580000, 0x0000000100000000)
  eden space 49152K, 100% used [0x00000000d5580000,0x00000000d8580000,0x00000000d8580000)
  from space 8192K, 77% used [0x00000000d8580000,0x00000000d8bb9cf8,0x00000000d8d80000)
  to   space 8192K, 0% used [0x00000000dbd80000,0x00000000dbd80000,0x00000000dc580000)
 ParOldGen       total 131072K, used 24K [0x0000000080000000, 0x0000000088000000, 0x00000000d5580000)
  object space 131072K, 0% used [0x0000000080000000,0x0000000080006000,0x0000000088000000)
 Metaspace       used 17627K, capacity 17824K, committed 18176K, reserved 1064960K
  class space    used 1911K, capacity 2004K, committed 2048K, reserved 1048576K
Event: 2.788 GC heap after
Heap after GC invocations=4 (full 0):
 PSYoungGen      total 106496K, used 8169K [0x00000000d5580000, 0x00000000dc580000, 0x0000000100000000)
  eden space 98304K, 0% used [0x00000000d5580000,0x00000000d5580000,0x00000000db580000)
  from space 8192K, 99% used [0x00000000dbd80000,0x00000000dc57a680,0x00000000dc580000)
  to   space 8192K, 0% used [0x00000000db580000,0x00000000db580000,0x00000000dbd80000)
 ParOldGen       total 131072K, used 468K [0x0000000080000000, 0x0000000088000000, 0x00000000d5580000)
  object space 131072K, 0% used [0x0000000080000000,0x00000000800750f8,0x0000000088000000)
 Metaspace       used 17627K, capacity 17824K, committed 18176K, reserved 1064960K
  class space    used 1911K, capacity 2004K, committed 2048K, reserved 1048576K
}
Event: 3.484 GC heap before
{Heap before GC invocations=5 (full 0):
 PSYoungGen      total 106496K, used 62657K [0x00000000d5580000, 0x00000000dc580000, 0x0000000100000000)
  eden space 98304K, 55% used [0x00000000d5580000,0x00000000d8ab5fe0,0x00000000db580000)
  from space 8192K, 99% used [0x00000000dbd80000,0x00000000dc57a680,0x00000000dc580000)
  to   space 8192K, 0% used [0x00000000db580000,0x00000000db580000,0x00000000dbd80000)
 ParOldGen       total 131072K, used 468K [0x0000000080000000, 0x0000000088000000, 0x00000000d5580000)
  object space 131072K, 0% used [0x0000000080000000,0x00000000800750f8,0x0000000088000000)
 Metaspace       used 20791K, capacity 21068K, committed 21296K, reserved 1069056K
  class space    used 2311K, capacity 2422K, committed 2432K, reserved 1048576K
Event: 3.495 GC heap after
Heap after GC invocations=5 (full 0):
 PSYoungGen      total 106496K, used 8167K [0x00000000d5580000, 0x00000000e2a80000, 0x0000000100000000)
  eden space 98304K, 0% used [0x00000000d5580000,0x00000000d5580000,0x00000000db580000)
  from space 8192K, 99% used [0x00000000db580000,0x00000000dbd79c58,0x00000000dbd80000)
  to   space 10752K, 0% used [0x00000000e2000000,0x00000000e2000000,0x00000000e2a80000)
 ParOldGen       total 131072K, used 2165K [0x0000000080000000, 0x0000000088000000, 0x00000000d5580000)
  object space 131072K, 1% used [0x0000000080000000,0x000000008021d6f8,0x0000000088000000)
 Metaspace       used 20791K, capacity 21068K, committed 21296K, reserved 1069056K
  class space    used 2311K, capacity 2422K, committed 2432K, reserved 1048576K
}
Event: 3.495 GC heap before
{Heap before GC invocations=6 (full 1):
 PSYoungGen      total 106496K, used 8167K [0x00000000d5580000, 0x00000000e2a80000, 0x0000000100000000)
  eden space 98304K, 0% used [0x00000000d5580000,0x00000000d5580000,0x00000000db580000)
  from space 8192K, 99% used [0x00000000db580000,0x00000000dbd79c58,0x00000000dbd80000)
  to   space 10752K, 0% used [0x00000000e2000000,0x00000000e2000000,0x00000000e2a80000)
 ParOldGen       total 131072K, used 2165K [0x0000000080000000, 0x0000000088000000, 0x00000000d5580000)
  object space 131072K, 1% used [0x0000000080000000,0x000000008021d6f8,0x0000000088000000)
 Metaspace       used 20791K, capacity 21068K, committed 21296K, reserved 1069056K
  class space    used 2311K, capacity 2422K, committed 2432K, reserved 1048576K
Event: 3.540 GC heap after
Heap after GC invocations=6 (full 1):
 PSYoungGen      total 106496K, used 0K [0x00000000d5580000, 0x00000000e2a80000, 0x0000000100000000)
  eden space 98304K, 0% used [0x00000000d5580000,0x00000000d5580000,0x00000000db580000)
  from space 8192K, 0% used [0x00000000db580000,0x00000000db580000,0x00000000dbd80000)
  to   space 10752K, 0% used [0x00000000e2000000,0x00000000e2000000,0x00000000e2a80000)
 ParOldGen       total 84480K, used 9814K [0x0000000080000000, 0x0000000085280000, 0x00000000d5580000)
  object space 84480K, 11% used [0x0000000080000000,0x0000000080995aa0,0x0000000085280000)
 Metaspace       used 20791K, capacity 21068K, committed 21296K, reserved 1069056K
  class space    used 2311K, capacity 2422K, committed 2432K, reserved 1048576K
}
Event: 4.194 GC heap before
{Heap before GC invocations=7 (full 1):
 PSYoungGen      total 106496K, used 98304K [0x00000000d5580000, 0x00000000e2a80000, 0x0000000100000000)
  eden space 98304K, 100% used [0x00000000d5580000,0x00000000db580000,0x00000000db580000)
  from space 8192K, 0% used [0x00000000db580000,0x00000000db580000,0x00000000dbd80000)
  to   space 10752K, 0% used [0x00000000e2000000,0x00000000e2000000,0x00000000e2a80000)
 ParOldGen       total 84480K, used 9814K [0x0000000080000000, 0x0000000085280000, 0x00000000d5580000)
  object space 84480K, 11% used [0x0000000080000000,0x0000000080995aa0,0x0000000085280000)
 Metaspace       used 22040K, capacity 22410K, committed 22704K, reserved 1069056K
  class space    used 2435K, capacity 2547K, committed 2560K, reserved 1048576K
Event: 4.198 GC heap after
Heap after GC invocations=7 (full 1):
 PSYoungGen      total 148480K, used 2576K [0x00000000d5580000, 0x00000000e2300000, 0x0000000100000000)
  eden space 145408K, 0% used [0x00000000d5580000,0x00000000d5580000,0x00000000de380000)
  from space 3072K, 83% used [0x00000000e2000000,0x00000000e2284160,0x00000000e2300000)
  to   space 11264K, 0% used [0x00000000e0d00000,0x00000000e0d00000,0x00000000e1800000)
 ParOldGen       total 84480K, used 9822K [0x0000000080000000, 0x0000000085280000, 0x00000000d5580000)
  object space 84480K, 11% used [0x0000000080000000,0x0000000080997aa0,0x0000000085280000)
 Metaspace       used 22040K, capacity 22410K, committed 22704K, reserved 1069056K
  class space    used 2435K, capacity 2547K, committed 2560K, reserved 1048576K
}
Event: 5.327 GC heap before
{Heap before GC invocations=8 (full 1):
 PSYoungGen      total 148480K, used 147984K [0x00000000d5580000, 0x00000000e2300000, 0x0000000100000000)
  eden space 145408K, 100% used [0x00000000d5580000,0x00000000de380000,0x00000000de380000)
  from space 3072K, 83% used [0x00000000e2000000,0x00000000e2284160,0x00000000e2300000)
  to   space 11264K, 0% used [0x00000000e0d00000,0x00000000e0d00000,0x00000000e1800000)
 ParOldGen       total 84480K, used 9822K [0x0000000080000000, 0x0000000085280000, 0x00000000d5580000)
  object space 84480K, 11% used [0x0000000080000000,0x0000000080997aa0,0x0000000085280000)
 Metaspace       used 25515K, capacity 25960K, committed 26240K, reserved 1073152K
  class space    used 2936K, capacity 3083K, committed 3200K, reserved 1048576K
Event: 5.341 GC heap after
Heap after GC invocations=8 (full 1):
 PSYoungGen      total 199168K, used 9825K [0x00000000d5580000, 0x00000000e3f80000, 0x0000000100000000)
  eden space 187904K, 0% used [0x00000000d5580000,0x00000000d5580000,0x00000000e0d00000)
  from space 11264K, 87% used [0x00000000e0d00000,0x00000000e1698540,0x00000000e1800000)
  to   space 12288K, 0% used [0x00000000e3380000,0x00000000e3380000,0x00000000e3f80000)
 ParOldGen       total 84480K, used 9822K [0x0000000080000000, 0x0000000085280000, 0x00000000d5580000)
  object space 84480K, 11% used [0x0000000080000000,0x0000000080997aa0,0x0000000085280000)
 Metaspace       used 25515K, capacity 25960K, committed 26240K, reserved 1073152K
  class space    used 2936K, capacity 3083K, committed 3200K, reserved 1048576K
}

