# JRE version: OpenJDK Runtime Environment (Zulu 8.52.0.23-CA-win64) (8.0_282-b08) (build 1.8.0_282-b08)
# Java VM: OpenJDK 64-Bit Server VM (25.282-b08 mixed mode windows-amd64 compressed oops)
Heap:
 PSYoungGen      total 218112K, used 30789K [0x00000000d5580000, 0x00000000e7580000, 0x0000000100000000)
  eden space 207360K, 9% used [0x00000000d5580000,0x00000000d69133d8,0x00000000e2000000)
  from space 10752K, 99% used [0x00000000e2d80000,0x00000000e37fe108,0x00000000e3800000)
  to   space 13824K, 0% used [0x00000000e2000000,0x00000000e2000000,0x00000000e2d80000)
 ParOldGen       total 86528K, used 14267K [0x0000000080000000, 0x0000000085480000, 0x00000000d5580000)
  object space 86528K, 16% used [0x0000000080000000,0x0000000080deed30,0x0000000085480000)
 Metaspace       used 31300K, capacity 32268K, committed 32512K, reserved 1077248K
  class space    used 3712K, capacity 3993K, committed 4096K, reserved 1048576K
GC Heap History (10 events):
Event: 3.495 GC heap before
{Heap before GC invocations=5 (full 0):
 PSYoungGen      total 106496K, used 64518K [0x00000000d5580000, 0x00000000dc580000, 0x0000000100000000)
  eden space 98304K, 57% used [0x00000000d5580000,0x00000000d8c86980,0x00000000db580000)
  from space 8192K, 99% used [0x00000000dbd80000,0x00000000dc57af40,0x00000000dc580000)
  to   space 8192K, 0% used [0x00000000db580000,0x00000000db580000,0x00000000dbd80000)
 ParOldGen       total 131072K, used 473K [0x0000000080000000, 0x0000000088000000, 0x00000000d5580000)
  object space 131072K, 0% used [0x0000000080000000,0x00000000800766c0,0x0000000088000000)
 Metaspace       used 20792K, capacity 21068K, committed 21296K, reserved 1069056K
  class space    used 2309K, capacity 2422K, committed 2432K, reserved 1048576K
Event: 3.506 GC heap after
Heap after GC invocations=5 (full 0):
 PSYoungGen      total 106496K, used 8171K [0x00000000d5580000, 0x00000000e2a80000, 0x0000000100000000)
  eden space 98304K, 0% used [0x00000000d5580000,0x00000000d5580000,0x00000000db580000)
  from space 8192K, 99% used [0x00000000db580000,0x00000000dbd7afb0,0x00000000dbd80000)
  to   space 10752K, 0% used [0x00000000e2000000,0x00000000e2000000,0x00000000e2a80000)
 ParOldGen       total 131072K, used 2236K [0x0000000080000000, 0x0000000088000000, 0x00000000d5580000)
  object space 131072K, 1% used [0x0000000080000000,0x000000008022f238,0x0000000088000000)
 Metaspace       used 20792K, capacity 21068K, committed 21296K, reserved 1069056K
  class space    used 2309K, capacity 2422K, committed 2432K, reserved 1048576K
}
Event: 3.506 GC heap before
{Heap before GC invocations=6 (full 1):
 PSYoungGen      total 106496K, used 8171K [0x00000000d5580000, 0x00000000e2a80000, 0x0000000100000000)
  eden space 98304K, 0% used [0x00000000d5580000,0x00000000d5580000,0x00000000db580000)
  from space 8192K, 99% used [0x00000000db580000,0x00000000dbd7afb0,0x00000000dbd80000)
  to   space 10752K, 0% used [0x00000000e2000000,0x00000000e2000000,0x00000000e2a80000)
 ParOldGen       total 131072K, used 2236K [0x0000000080000000, 0x0000000088000000, 0x00000000d5580000)
  object space 131072K, 1% used [0x0000000080000000,0x000000008022f238,0x0000000088000000)
 Metaspace       used 20792K, capacity 21068K, committed 21296K, reserved 1069056K
  class space    used 2309K, capacity 2422K, committed 2432K, reserved 1048576K
Event: 3.555 GC heap after
Heap after GC invocations=6 (full 1):
 PSYoungGen      total 106496K, used 0K [0x00000000d5580000, 0x00000000e2a80000, 0x0000000100000000)
  eden space 98304K, 0% used [0x00000000d5580000,0x00000000d5580000,0x00000000db580000)
  from space 8192K, 0% used [0x00000000db580000,0x00000000db580000,0x00000000dbd80000)
  to   space 10752K, 0% used [0x00000000e2000000,0x00000000e2000000,0x00000000e2a80000)
 ParOldGen       total 86528K, used 9872K [0x0000000080000000, 0x0000000085480000, 0x00000000d5580000)
  object space 86528K, 11% used [0x0000000080000000,0x00000000809a42a0,0x0000000085480000)
 Metaspace       used 20792K, capacity 21068K, committed 21296K, reserved 1069056K
  class space    used 2309K, capacity 2422K, committed 2432K, reserved 1048576K
}
Event: 4.196 GC heap before
{Heap before GC invocations=7 (full 1):
 PSYoungGen      total 106496K, used 98304K [0x00000000d5580000, 0x00000000e2a80000, 0x0000000100000000)
  eden space 98304K, 100% used [0x00000000d5580000,0x00000000db580000,0x00000000db580000)
  from space 8192K, 0% used [0x00000000db580000,0x00000000db580000,0x00000000dbd80000)
  to   space 10752K, 0% used [0x00000000e2000000,0x00000000e2000000,0x00000000e2a80000)
 ParOldGen       total 86528K, used 9872K [0x0000000080000000, 0x0000000085480000, 0x00000000d5580000)
  object space 86528K, 11% used [0x0000000080000000,0x00000000809a42a0,0x0000000085480000)
 Metaspace       used 22136K, capacity 22456K, committed 22704K, reserved 1069056K
  class space    used 2428K, capacity 2541K, committed 2560K, reserved 1048576K
Event: 4.199 GC heap after
Heap after GC invocations=7 (full 1):
 PSYoungGen      total 144384K, used 2558K [0x00000000d5580000, 0x00000000e2280000, 0x0000000100000000)
  eden space 141824K, 0% used [0x00000000d5580000,0x00000000d5580000,0x00000000de000000)
  from space 2560K, 99% used [0x00000000e2000000,0x00000000e227f850,0x00000000e2280000)
  to   space 11264K, 0% used [0x00000000e0c80000,0x00000000e0c80000,0x00000000e1780000)
 ParOldGen       total 86528K, used 9880K [0x0000000080000000, 0x0000000085480000, 0x00000000d5580000)
  object space 86528K, 11% used [0x0000000080000000,0x00000000809a62a0,0x0000000085480000)
 Metaspace       used 22136K, capacity 22456K, committed 22704K, reserved 1069056K
  class space    used 2428K, capacity 2541K, committed 2560K, reserved 1048576K
}
Event: 5.099 GC heap before
{Heap before GC invocations=8 (full 1):
 PSYoungGen      total 144384K, used 144382K [0x00000000d5580000, 0x00000000e2280000, 0x0000000100000000)
  eden space 141824K, 100% used [0x00000000d5580000,0x00000000de000000,0x00000000de000000)
  from space 2560K, 99% used [0x00000000e2000000,0x00000000e227f850,0x00000000e2280000)
  to   space 11264K, 0% used [0x00000000e0c80000,0x00000000e0c80000,0x00000000e1780000)
 ParOldGen       total 86528K, used 9880K [0x0000000080000000, 0x0000000085480000, 0x00000000d5580000)
  object space 86528K, 11% used [0x0000000080000000,0x00000000809a62a0,0x0000000085480000)
 Metaspace       used 22621K, capacity 22938K, committed 23168K, reserved 1069056K
  class space    used 2487K, capacity 2615K, committed 2688K, reserved 1048576K
Event: 5.116 GC heap after
Heap after GC invocations=8 (full 1):
 PSYoungGen      total 198656K, used 6320K [0x00000000d5580000, 0x00000000e3800000, 0x0000000100000000)
  eden space 187392K, 0% used [0x00000000d5580000,0x00000000d5580000,0x00000000e0c80000)
  from space 11264K, 56% used [0x00000000e0c80000,0x00000000e12ac010,0x00000000e1780000)
  to   space 10752K, 0% used [0x00000000e2d80000,0x00000000e2d80000,0x00000000e3800000)
 ParOldGen       total 86528K, used 9880K [0x0000000080000000, 0x0000000085480000, 0x00000000d5580000)
  object space 86528K, 11% used [0x0000000080000000,0x00000000809a62a0,0x0000000085480000)
 Metaspace       used 22621K, capacity 22938K, committed 23168K, reserved 1069056K
  class space    used 2487K, capacity 2615K, committed 2688K, reserved 1048576K
}
Event: 13.871 GC heap before
{Heap before GC invocations=9 (full 1):
 PSYoungGen      total 198656K, used 193712K [0x00000000d5580000, 0x00000000e3800000, 0x0000000100000000)
  eden space 187392K, 100% used [0x00000000d5580000,0x00000000e0c80000,0x00000000e0c80000)
  from space 11264K, 56% used [0x00000000e0c80000,0x00000000e12ac010,0x00000000e1780000)
  to   space 10752K, 0% used [0x00000000e2d80000,0x00000000e2d80000,0x00000000e3800000)
 ParOldGen       total 86528K, used 9880K [0x0000000080000000, 0x0000000085480000, 0x00000000d5580000)
  object space 86528K, 11% used [0x0000000080000000,0x00000000809a62a0,0x0000000085480000)
 Metaspace       used 30907K, capacity 31838K, committed 31872K, reserved 1077248K
  class space    used 3677K, capacity 3957K, committed 3968K, reserved 1048576K
Event: 13.887 GC heap after
Heap after GC invocations=9 (full 1):
 PSYoungGen      total 218112K, used 10744K [0x00000000d5580000, 0x00000000e7580000, 0x0000000100000000)
  eden space 207360K, 0% used [0x00000000d5580000,0x00000000d5580000,0x00000000e2000000)
  from space 10752K, 99% used [0x00000000e2d80000,0x00000000e37fe108,0x00000000e3800000)
  to   space 13824K, 0% used [0x00000000e2000000,0x00000000e2000000,0x00000000e2d80000)
 ParOldGen       total 86528K, used 14267K [0x0000000080000000, 0x0000000085480000, 0x00000000d5580000)
  object space 86528K, 16% used [0x0000000080000000,0x0000000080deed30,0x0000000085480000)
 Metaspace       used 30907K, capacity 31838K, committed 31872K, reserved 1077248K
  class space    used 3677K, capacity 3957K, committed 3968K, reserved 1048576K
}

