# JRE version: OpenJDK Runtime Environment (Zulu 8.52.0.23-CA-win64) (8.0_282-b08) (build 1.8.0_282-b08)
# Java VM: OpenJDK 64-Bit Server VM (25.282-b08 mixed mode windows-amd64 compressed oops)
Heap:
 PSYoungGen      total 199168K, used 74664K [0x00000000d5580000, 0x00000000e3700000, 0x0000000100000000)
  eden space 187904K, 34% used [0x00000000d5580000,0x00000000d953fe88,0x00000000e0d00000)
  from space 11264K, 83% used [0x00000000e0d00000,0x00000000e162a428,0x00000000e1800000)
  to   space 12288K, 0% used [0x00000000e2b00000,0x00000000e2b00000,0x00000000e3700000)
 ParOldGen       total 87040K, used 9892K [0x0000000080000000, 0x0000000085500000, 0x00000000d5580000)
  object space 87040K, 11% used [0x0000000080000000,0x00000000809a9298,0x0000000085500000)
 Metaspace       used 30315K, capacity 31234K, committed 31360K, reserved 1077248K
  class space    used 3612K, capacity 3867K, committed 3968K, reserved 1048576K
GC Heap History (10 events):
Event: 2.979 GC heap before
{Heap before GC invocations=4 (full 0):
 PSYoungGen      total 57344K, used 54948K [0x00000000d5580000, 0x00000000dc580000, 0x0000000100000000)
  eden space 49152K, 100% used [0x00000000d5580000,0x00000000d8580000,0x00000000d8580000)
  from space 8192K, 70% used [0x00000000d8580000,0x00000000d8b29238,0x00000000d8d80000)
  to   space 8192K, 0% used [0x00000000dbd80000,0x00000000dbd80000,0x00000000dc580000)
 ParOldGen       total 131072K, used 24K [0x0000000080000000, 0x0000000088000000, 0x00000000d5580000)
  object space 131072K, 0% used [0x0000000080000000,0x0000000080006000,0x0000000088000000)
 Metaspace       used 17541K, capacity 17728K, committed 18176K, reserved 1064960K
  class space    used 1887K, capacity 1972K, committed 2048K, reserved 1048576K
Event: 2.990 GC heap after
Heap after GC invocations=4 (full 0):
 PSYoungGen      total 106496K, used 8171K [0x00000000d5580000, 0x00000000dc580000, 0x0000000100000000)
  eden space 98304K, 0% used [0x00000000d5580000,0x00000000d5580000,0x00000000db580000)
  from space 8192K, 99% used [0x00000000dbd80000,0x00000000dc57ae08,0x00000000dc580000)
  to   space 8192K, 0% used [0x00000000db580000,0x00000000db580000,0x00000000dbd80000)
 ParOldGen       total 131072K, used 482K [0x0000000080000000, 0x0000000088000000, 0x00000000d5580000)
  object space 131072K, 0% used [0x0000000080000000,0x0000000080078918,0x0000000088000000)
 Metaspace       used 17541K, capacity 17728K, committed 18176K, reserved 1064960K
  class space    used 1887K, capacity 1972K, committed 2048K, reserved 1048576K
}
Event: 3.772 GC heap before
{Heap before GC invocations=5 (full 0):
 PSYoungGen      total 106496K, used 64347K [0x00000000d5580000, 0x00000000dc580000, 0x0000000100000000)
  eden space 98304K, 57% used [0x00000000d5580000,0x00000000d8c5bf80,0x00000000db580000)
  from space 8192K, 99% used [0x00000000dbd80000,0x00000000dc57ae08,0x00000000dc580000)
  to   space 8192K, 0% used [0x00000000db580000,0x00000000db580000,0x00000000dbd80000)
 ParOldGen       total 131072K, used 482K [0x0000000080000000, 0x0000000088000000, 0x00000000d5580000)
  object space 131072K, 0% used [0x0000000080000000,0x0000000080078918,0x0000000088000000)
 Metaspace       used 20792K, capacity 21068K, committed 21296K, reserved 1069056K
  class space    used 2308K, capacity 2422K, committed 2432K, reserved 1048576K
Event: 3.782 GC heap after
Heap after GC invocations=5 (full 0):
 PSYoungGen      total 106496K, used 8183K [0x00000000d5580000, 0x00000000e2a80000, 0x0000000100000000)
  eden space 98304K, 0% used [0x00000000d5580000,0x00000000d5580000,0x00000000db580000)
  from space 8192K, 99% used [0x00000000db580000,0x00000000dbd7dc68,0x00000000dbd80000)
  to   space 10752K, 0% used [0x00000000e2000000,0x00000000e2000000,0x00000000e2a80000)
 ParOldGen       total 131072K, used 2237K [0x0000000080000000, 0x0000000088000000, 0x00000000d5580000)
  object space 131072K, 1% used [0x0000000080000000,0x000000008022f5e0,0x0000000088000000)
 Metaspace       used 20792K, capacity 21068K, committed 21296K, reserved 1069056K
  class space    used 2308K, capacity 2422K, committed 2432K, reserved 1048576K
}
Event: 3.783 GC heap before
{Heap before GC invocations=6 (full 1):
 PSYoungGen      total 106496K, used 8183K [0x00000000d5580000, 0x00000000e2a80000, 0x0000000100000000)
  eden space 98304K, 0% used [0x00000000d5580000,0x00000000d5580000,0x00000000db580000)
  from space 8192K, 99% used [0x00000000db580000,0x00000000dbd7dc68,0x00000000dbd80000)
  to   space 10752K, 0% used [0x00000000e2000000,0x00000000e2000000,0x00000000e2a80000)
 ParOldGen       total 131072K, used 2237K [0x0000000080000000, 0x0000000088000000, 0x00000000d5580000)
  object space 131072K, 1% used [0x0000000080000000,0x000000008022f5e0,0x0000000088000000)
 Metaspace       used 20792K, capacity 21068K, committed 21296K, reserved 1069056K
  class space    used 2308K, capacity 2422K, committed 2432K, reserved 1048576K
Event: 3.834 GC heap after
Heap after GC invocations=6 (full 1):
 PSYoungGen      total 106496K, used 0K [0x00000000d5580000, 0x00000000e2a80000, 0x0000000100000000)
  eden space 98304K, 0% used [0x00000000d5580000,0x00000000d5580000,0x00000000db580000)
  from space 8192K, 0% used [0x00000000db580000,0x00000000db580000,0x00000000dbd80000)
  to   space 10752K, 0% used [0x00000000e2000000,0x00000000e2000000,0x00000000e2a80000)
 ParOldGen       total 87040K, used 9884K [0x0000000080000000, 0x0000000085500000, 0x00000000d5580000)
  object space 87040K, 11% used [0x0000000080000000,0x00000000809a7298,0x0000000085500000)
 Metaspace       used 20792K, capacity 21068K, committed 21296K, reserved 1069056K
  class space    used 2308K, capacity 2422K, committed 2432K, reserved 1048576K
}
Event: 4.574 GC heap before
{Heap before GC invocations=7 (full 1):
 PSYoungGen      total 106496K, used 98304K [0x00000000d5580000, 0x00000000e2a80000, 0x0000000100000000)
  eden space 98304K, 100% used [0x00000000d5580000,0x00000000db580000,0x00000000db580000)
  from space 8192K, 0% used [0x00000000db580000,0x00000000db580000,0x00000000dbd80000)
  to   space 10752K, 0% used [0x00000000e2000000,0x00000000e2000000,0x00000000e2a80000)
 ParOldGen       total 87040K, used 9884K [0x0000000080000000, 0x0000000085500000, 0x00000000d5580000)
  object space 87040K, 11% used [0x0000000080000000,0x00000000809a7298,0x0000000085500000)
 Metaspace       used 22045K, capacity 22410K, committed 22704K, reserved 1069056K
  class space    used 2435K, capacity 2547K, committed 2560K, reserved 1048576K
Event: 4.578 GC heap after
Heap after GC invocations=7 (full 1):
 PSYoungGen      total 144384K, used 2637K [0x00000000d5580000, 0x00000000e2300000, 0x0000000100000000)
  eden space 141312K, 0% used [0x00000000d5580000,0x00000000d5580000,0x00000000ddf80000)
  from space 3072K, 85% used [0x00000000e2000000,0x00000000e22935d8,0x00000000e2300000)
  to   space 11264K, 0% used [0x00000000e0d00000,0x00000000e0d00000,0x00000000e1800000)
 ParOldGen       total 87040K, used 9892K [0x0000000080000000, 0x0000000085500000, 0x00000000d5580000)
  object space 87040K, 11% used [0x0000000080000000,0x00000000809a9298,0x0000000085500000)
 Metaspace       used 22045K, capacity 22410K, committed 22704K, reserved 1069056K
  class space    used 2435K, capacity 2547K, committed 2560K, reserved 1048576K
}
Event: 5.704 GC heap before
{Heap before GC invocations=8 (full 1):
 PSYoungGen      total 144384K, used 143949K [0x00000000d5580000, 0x00000000e2300000, 0x0000000100000000)
  eden space 141312K, 100% used [0x00000000d5580000,0x00000000ddf80000,0x00000000ddf80000)
  from space 3072K, 85% used [0x00000000e2000000,0x00000000e22935d8,0x00000000e2300000)
  to   space 11264K, 0% used [0x00000000e0d00000,0x00000000e0d00000,0x00000000e1800000)
 ParOldGen       total 87040K, used 9892K [0x0000000080000000, 0x0000000085500000, 0x00000000d5580000)
  object space 87040K, 11% used [0x0000000080000000,0x00000000809a9298,0x0000000085500000)
 Metaspace       used 25051K, capacity 25466K, committed 25856K, reserved 1073152K
  class space    used 2865K, capacity 3010K, committed 3072K, reserved 1048576K
Event: 5.721 GC heap after
Heap after GC invocations=8 (full 1):
 PSYoungGen      total 199168K, used 9385K [0x00000000d5580000, 0x00000000e3700000, 0x0000000100000000)
  eden space 187904K, 0% used [0x00000000d5580000,0x00000000d5580000,0x00000000e0d00000)
  from space 11264K, 83% used [0x00000000e0d00000,0x00000000e162a428,0x00000000e1800000)
  to   space 12288K, 0% used [0x00000000e2b00000,0x00000000e2b00000,0x00000000e3700000)
 ParOldGen       total 87040K, used 9892K [0x0000000080000000, 0x0000000085500000, 0x00000000d5580000)
  object space 87040K, 11% used [0x0000000080000000,0x00000000809a9298,0x0000000085500000)
 Metaspace       used 25051K, capacity 25466K, committed 25856K, reserved 1073152K
  class space    used 2865K, capacity 3010K, committed 3072K, reserved 1048576K
}

