# JRE version: OpenJDK Runtime Environment (Zulu 8.52.0.23-CA-win64) (8.0_282-b08) (build 1.8.0_282-b08)
# Java VM: OpenJDK 64-Bit Server VM (25.282-b08 mixed mode windows-amd64 compressed oops)
Heap:
 PSYoungGen      total 199168K, used 179308K [0x00000000d5580000, 0x00000000e3e80000, 0x0000000100000000)
  eden space 187904K, 92% used [0x00000000d5580000,0x00000000dfe6b270,0x00000000e0d00000)
  from space 11264K, 56% used [0x00000000e0d00000,0x00000000e1330000,0x00000000e1800000)
  to   space 10752K, 0% used [0x00000000e3400000,0x00000000e3400000,0x00000000e3e80000)
 ParOldGen       total 83968K, used 9925K [0x0000000080000000, 0x0000000085200000, 0x00000000d5580000)
  object space 83968K, 11% used [0x0000000080000000,0x00000000809b1510,0x0000000085200000)
 Metaspace       used 30778K, capacity 31726K, committed 31872K, reserved 1077248K
  class space    used 3661K, capacity 3941K, committed 3968K, reserved 1048576K
GC Heap History (10 events):
Event: 2.752 GC heap before
{Heap before GC invocations=4 (full 0):
 PSYoungGen      total 57344K, used 55457K [0x00000000d5580000, 0x00000000dc580000, 0x0000000100000000)
  eden space 49152K, 100% used [0x00000000d5580000,0x00000000d8580000,0x00000000d8580000)
  from space 8192K, 76% used [0x00000000d8580000,0x00000000d8ba8548,0x00000000d8d80000)
  to   space 8192K, 0% used [0x00000000dbd80000,0x00000000dbd80000,0x00000000dc580000)
 ParOldGen       total 131072K, used 24K [0x0000000080000000, 0x0000000088000000, 0x00000000d5580000)
  object space 131072K, 0% used [0x0000000080000000,0x0000000080006000,0x0000000088000000)
 Metaspace       used 17589K, capacity 17824K, committed 18176K, reserved 1064960K
  class space    used 1902K, capacity 2004K, committed 2048K, reserved 1048576K
Event: 2.761 GC heap after
Heap after GC invocations=4 (full 0):
 PSYoungGen      total 106496K, used 8166K [0x00000000d5580000, 0x00000000dc580000, 0x0000000100000000)
  eden space 98304K, 0% used [0x00000000d5580000,0x00000000d5580000,0x00000000db580000)
  from space 8192K, 99% used [0x00000000dbd80000,0x00000000dc579b00,0x00000000dc580000)
  to   space 8192K, 0% used [0x00000000db580000,0x00000000db580000,0x00000000dbd80000)
 ParOldGen       total 131072K, used 557K [0x0000000080000000, 0x0000000088000000, 0x00000000d5580000)
  object space 131072K, 0% used [0x0000000080000000,0x000000008008b5a8,0x0000000088000000)
 Metaspace       used 17589K, capacity 17824K, committed 18176K, reserved 1064960K
  class space    used 1902K, capacity 2004K, committed 2048K, reserved 1048576K
}
Event: 3.452 GC heap before
{Heap before GC invocations=5 (full 0):
 PSYoungGen      total 106496K, used 64648K [0x00000000d5580000, 0x00000000dc580000, 0x0000000100000000)
  eden space 98304K, 57% used [0x00000000d5580000,0x00000000d8ca85f8,0x00000000db580000)
  from space 8192K, 99% used [0x00000000dbd80000,0x00000000dc579b00,0x00000000dc580000)
  to   space 8192K, 0% used [0x00000000db580000,0x00000000db580000,0x00000000dbd80000)
 ParOldGen       total 131072K, used 557K [0x0000000080000000, 0x0000000088000000, 0x00000000d5580000)
  object space 131072K, 0% used [0x0000000080000000,0x000000008008b5a8,0x0000000088000000)
 Metaspace       used 20797K, capacity 21068K, committed 21296K, reserved 1069056K
  class space    used 2311K, capacity 2422K, committed 2432K, reserved 1048576K
Event: 3.467 GC heap after
Heap after GC invocations=5 (full 0):
 PSYoungGen      total 106496K, used 8187K [0x00000000d5580000, 0x00000000e2a80000, 0x0000000100000000)
  eden space 98304K, 0% used [0x00000000d5580000,0x00000000d5580000,0x00000000db580000)
  from space 8192K, 99% used [0x00000000db580000,0x00000000dbd7ecd8,0x00000000dbd80000)
  to   space 10752K, 0% used [0x00000000e2000000,0x00000000e2000000,0x00000000e2a80000)
 ParOldGen       total 131072K, used 2332K [0x0000000080000000, 0x0000000088000000, 0x00000000d5580000)
  object space 131072K, 1% used [0x0000000080000000,0x00000000802471b0,0x0000000088000000)
 Metaspace       used 20797K, capacity 21068K, committed 21296K, reserved 1069056K
  class space    used 2311K, capacity 2422K, committed 2432K, reserved 1048576K
}
Event: 3.467 GC heap before
{Heap before GC invocations=6 (full 1):
 PSYoungGen      total 106496K, used 8187K [0x00000000d5580000, 0x00000000e2a80000, 0x0000000100000000)
  eden space 98304K, 0% used [0x00000000d5580000,0x00000000d5580000,0x00000000db580000)
  from space 8192K, 99% used [0x00000000db580000,0x00000000dbd7ecd8,0x00000000dbd80000)
  to   space 10752K, 0% used [0x00000000e2000000,0x00000000e2000000,0x00000000e2a80000)
 ParOldGen       total 131072K, used 2332K [0x0000000080000000, 0x0000000088000000, 0x00000000d5580000)
  object space 131072K, 1% used [0x0000000080000000,0x00000000802471b0,0x0000000088000000)
 Metaspace       used 20797K, capacity 21068K, committed 21296K, reserved 1069056K
  class space    used 2311K, capacity 2422K, committed 2432K, reserved 1048576K
Event: 3.513 GC heap after
Heap after GC invocations=6 (full 1):
 PSYoungGen      total 106496K, used 0K [0x00000000d5580000, 0x00000000e2a80000, 0x0000000100000000)
  eden space 98304K, 0% used [0x00000000d5580000,0x00000000d5580000,0x00000000db580000)
  from space 8192K, 0% used [0x00000000db580000,0x00000000db580000,0x00000000dbd80000)
  to   space 10752K, 0% used [0x00000000e2000000,0x00000000e2000000,0x00000000e2a80000)
 ParOldGen       total 83968K, used 9917K [0x0000000080000000, 0x0000000085200000, 0x00000000d5580000)
  object space 83968K, 11% used [0x0000000080000000,0x00000000809af510,0x0000000085200000)
 Metaspace       used 20797K, capacity 21068K, committed 21296K, reserved 1069056K
  class space    used 2311K, capacity 2422K, committed 2432K, reserved 1048576K
}
Event: 4.241 GC heap before
{Heap before GC invocations=7 (full 1):
 PSYoungGen      total 106496K, used 98304K [0x00000000d5580000, 0x00000000e2a80000, 0x0000000100000000)
  eden space 98304K, 100% used [0x00000000d5580000,0x00000000db580000,0x00000000db580000)
  from space 8192K, 0% used [0x00000000db580000,0x00000000db580000,0x00000000dbd80000)
  to   space 10752K, 0% used [0x00000000e2000000,0x00000000e2000000,0x00000000e2a80000)
 ParOldGen       total 83968K, used 9917K [0x0000000080000000, 0x0000000085200000, 0x00000000d5580000)
  object space 83968K, 11% used [0x0000000080000000,0x00000000809af510,0x0000000085200000)
 Metaspace       used 22133K, capacity 22456K, committed 22704K, reserved 1069056K
  class space    used 2431K, capacity 2541K, committed 2560K, reserved 1048576K
Event: 4.245 GC heap after
Heap after GC invocations=7 (full 1):
 PSYoungGen      total 148992K, used 2616K [0x00000000d5580000, 0x00000000e2300000, 0x0000000100000000)
  eden space 145920K, 0% used [0x00000000d5580000,0x00000000d5580000,0x00000000de400000)
  from space 3072K, 85% used [0x00000000e2000000,0x00000000e228e350,0x00000000e2300000)
  to   space 11264K, 0% used [0x00000000e0d00000,0x00000000e0d00000,0x00000000e1800000)
 ParOldGen       total 83968K, used 9925K [0x0000000080000000, 0x0000000085200000, 0x00000000d5580000)
  object space 83968K, 11% used [0x0000000080000000,0x00000000809b1510,0x0000000085200000)
 Metaspace       used 22133K, capacity 22456K, committed 22704K, reserved 1069056K
  class space    used 2431K, capacity 2541K, committed 2560K, reserved 1048576K
}
Event: 5.220 GC heap before
{Heap before GC invocations=8 (full 1):
 PSYoungGen      total 148992K, used 148536K [0x00000000d5580000, 0x00000000e2300000, 0x0000000100000000)
  eden space 145920K, 100% used [0x00000000d5580000,0x00000000de400000,0x00000000de400000)
  from space 3072K, 85% used [0x00000000e2000000,0x00000000e228e350,0x00000000e2300000)
  to   space 11264K, 0% used [0x00000000e0d00000,0x00000000e0d00000,0x00000000e1800000)
 ParOldGen       total 83968K, used 9925K [0x0000000080000000, 0x0000000085200000, 0x00000000d5580000)
  object space 83968K, 11% used [0x0000000080000000,0x00000000809b1510,0x0000000085200000)
 Metaspace       used 22623K, capacity 22938K, committed 23168K, reserved 1069056K
  class space    used 2490K, capacity 2615K, committed 2688K, reserved 1048576K
Event: 5.233 GC heap after
Heap after GC invocations=8 (full 1):
 PSYoungGen      total 199168K, used 6336K [0x00000000d5580000, 0x00000000e3e80000, 0x0000000100000000)
  eden space 187904K, 0% used [0x00000000d5580000,0x00000000d5580000,0x00000000e0d00000)
  from space 11264K, 56% used [0x00000000e0d00000,0x00000000e1330000,0x00000000e1800000)
  to   space 10752K, 0% used [0x00000000e3400000,0x00000000e3400000,0x00000000e3e80000)
 ParOldGen       total 83968K, used 9925K [0x0000000080000000, 0x0000000085200000, 0x00000000d5580000)
  object space 83968K, 11% used [0x0000000080000000,0x00000000809b1510,0x0000000085200000)
 Metaspace       used 22623K, capacity 22938K, committed 23168K, reserved 1069056K
  class space    used 2490K, capacity 2615K, committed 2688K, reserved 1048576K
}

