# JRE version: OpenJDK Runtime Environment (Zulu 8.52.0.23-CA-win64) (8.0_282-b08) (build 1.8.0_282-b08)
# Java VM: OpenJDK 64-Bit Server VM (25.282-b08 mixed mode windows-amd64 compressed oops)
Heap:
 PSYoungGen      total 199168K, used 79102K [0x00000000d5580000, 0x00000000e3b80000, 0x0000000100000000)
  eden space 187904K, 36% used [0x00000000d5580000,0x00000000d98f8e60,0x00000000e0d00000)
  from space 11264K, 88% used [0x00000000e0d00000,0x00000000e16c6c30,0x00000000e1800000)
  to   space 12288K, 0% used [0x00000000e2f80000,0x00000000e2f80000,0x00000000e3b80000)
 ParOldGen       total 85504K, used 9857K [0x0000000080000000, 0x0000000085380000, 0x00000000d5580000)
  object space 85504K, 11% used [0x0000000080000000,0x00000000809a0500,0x0000000085380000)
 Metaspace       used 30340K, capacity 31244K, committed 31360K, reserved 1077248K
  class space    used 3617K, capacity 3869K, committed 3968K, reserved 1048576K
GC Heap History (10 events):
Event: 2.542 GC heap before
{Heap before GC invocations=4 (full 0):
 PSYoungGen      total 57344K, used 55120K [0x00000000d5580000, 0x00000000dc580000, 0x0000000100000000)
  eden space 49152K, 100% used [0x00000000d5580000,0x00000000d8580000,0x00000000d8580000)
  from space 8192K, 72% used [0x00000000d8580000,0x00000000d8b54258,0x00000000d8d80000)
  to   space 8192K, 0% used [0x00000000dbd80000,0x00000000dbd80000,0x00000000dc580000)
 ParOldGen       total 131072K, used 24K [0x0000000080000000, 0x0000000088000000, 0x00000000d5580000)
  object space 131072K, 0% used [0x0000000080000000,0x0000000080006000,0x0000000088000000)
 Metaspace       used 17560K, capacity 17824K, committed 18176K, reserved 1064960K
  class space    used 1902K, capacity 2004K, committed 2048K, reserved 1048576K
Event: 2.551 GC heap after
Heap after GC invocations=4 (full 0):
 PSYoungGen      total 106496K, used 8184K [0x00000000d5580000, 0x00000000dc580000, 0x0000000100000000)
  eden space 98304K, 0% used [0x00000000d5580000,0x00000000d5580000,0x00000000db580000)
  from space 8192K, 99% used [0x00000000dbd80000,0x00000000dc57e1c0,0x00000000dc580000)
  to   space 8192K, 0% used [0x00000000db580000,0x00000000db580000,0x00000000dbd80000)
 ParOldGen       total 131072K, used 485K [0x0000000080000000, 0x0000000088000000, 0x00000000d5580000)
  object space 131072K, 0% used [0x0000000080000000,0x0000000080079700,0x0000000088000000)
 Metaspace       used 17560K, capacity 17824K, committed 18176K, reserved 1064960K
  class space    used 1902K, capacity 2004K, committed 2048K, reserved 1048576K
}
Event: 3.180 GC heap before
{Heap before GC invocations=5 (full 0):
 PSYoungGen      total 106496K, used 64759K [0x00000000d5580000, 0x00000000dc580000, 0x0000000100000000)
  eden space 98304K, 57% used [0x00000000d5580000,0x00000000d8cbfc00,0x00000000db580000)
  from space 8192K, 99% used [0x00000000dbd80000,0x00000000dc57e1c0,0x00000000dc580000)
  to   space 8192K, 0% used [0x00000000db580000,0x00000000db580000,0x00000000dbd80000)
 ParOldGen       total 131072K, used 485K [0x0000000080000000, 0x0000000088000000, 0x00000000d5580000)
  object space 131072K, 0% used [0x0000000080000000,0x0000000080079700,0x0000000088000000)
 Metaspace       used 20782K, capacity 21004K, committed 21296K, reserved 1069056K
  class space    used 2313K, capacity 2422K, committed 2432K, reserved 1048576K
Event: 3.193 GC heap after
Heap after GC invocations=5 (full 0):
 PSYoungGen      total 106496K, used 8182K [0x00000000d5580000, 0x00000000e2a80000, 0x0000000100000000)
  eden space 98304K, 0% used [0x00000000d5580000,0x00000000d5580000,0x00000000db580000)
  from space 8192K, 99% used [0x00000000db580000,0x00000000dbd7d9a0,0x00000000dbd80000)
  to   space 10752K, 0% used [0x00000000e2000000,0x00000000e2000000,0x00000000e2a80000)
 ParOldGen       total 131072K, used 2203K [0x0000000080000000, 0x0000000088000000, 0x00000000d5580000)
  object space 131072K, 1% used [0x0000000080000000,0x0000000080226f58,0x0000000088000000)
 Metaspace       used 20782K, capacity 21004K, committed 21296K, reserved 1069056K
  class space    used 2313K, capacity 2422K, committed 2432K, reserved 1048576K
}
Event: 3.193 GC heap before
{Heap before GC invocations=6 (full 1):
 PSYoungGen      total 106496K, used 8182K [0x00000000d5580000, 0x00000000e2a80000, 0x0000000100000000)
  eden space 98304K, 0% used [0x00000000d5580000,0x00000000d5580000,0x00000000db580000)
  from space 8192K, 99% used [0x00000000db580000,0x00000000dbd7d9a0,0x00000000dbd80000)
  to   space 10752K, 0% used [0x00000000e2000000,0x00000000e2000000,0x00000000e2a80000)
 ParOldGen       total 131072K, used 2203K [0x0000000080000000, 0x0000000088000000, 0x00000000d5580000)
  object space 131072K, 1% used [0x0000000080000000,0x0000000080226f58,0x0000000088000000)
 Metaspace       used 20782K, capacity 21004K, committed 21296K, reserved 1069056K
  class space    used 2313K, capacity 2422K, committed 2432K, reserved 1048576K
Event: 3.240 GC heap after
Heap after GC invocations=6 (full 1):
 PSYoungGen      total 106496K, used 0K [0x00000000d5580000, 0x00000000e2a80000, 0x0000000100000000)
  eden space 98304K, 0% used [0x00000000d5580000,0x00000000d5580000,0x00000000db580000)
  from space 8192K, 0% used [0x00000000db580000,0x00000000db580000,0x00000000dbd80000)
  to   space 10752K, 0% used [0x00000000e2000000,0x00000000e2000000,0x00000000e2a80000)
 ParOldGen       total 85504K, used 9849K [0x0000000080000000, 0x0000000085380000, 0x00000000d5580000)
  object space 85504K, 11% used [0x0000000080000000,0x000000008099e500,0x0000000085380000)
 Metaspace       used 20782K, capacity 21004K, committed 21296K, reserved 1069056K
  class space    used 2313K, capacity 2422K, committed 2432K, reserved 1048576K
}
Event: 3.925 GC heap before
{Heap before GC invocations=7 (full 1):
 PSYoungGen      total 106496K, used 98304K [0x00000000d5580000, 0x00000000e2a80000, 0x0000000100000000)
  eden space 98304K, 100% used [0x00000000d5580000,0x00000000db580000,0x00000000db580000)
  from space 8192K, 0% used [0x00000000db580000,0x00000000db580000,0x00000000dbd80000)
  to   space 10752K, 0% used [0x00000000e2000000,0x00000000e2000000,0x00000000e2a80000)
 ParOldGen       total 85504K, used 9849K [0x0000000080000000, 0x0000000085380000, 0x00000000d5580000)
  object space 85504K, 11% used [0x0000000080000000,0x000000008099e500,0x0000000085380000)
 Metaspace       used 22029K, capacity 22346K, committed 22704K, reserved 1069056K
  class space    used 2438K, capacity 2547K, committed 2560K, reserved 1048576K
Event: 3.931 GC heap after
Heap after GC invocations=7 (full 1):
 PSYoungGen      total 147456K, used 2592K [0x00000000d5580000, 0x00000000e2300000, 0x0000000100000000)
  eden space 144384K, 0% used [0x00000000d5580000,0x00000000d5580000,0x00000000de280000)
  from space 3072K, 84% used [0x00000000e2000000,0x00000000e2288150,0x00000000e2300000)
  to   space 11264K, 0% used [0x00000000e0d00000,0x00000000e0d00000,0x00000000e1800000)
 ParOldGen       total 85504K, used 9857K [0x0000000080000000, 0x0000000085380000, 0x00000000d5580000)
  object space 85504K, 11% used [0x0000000080000000,0x00000000809a0500,0x0000000085380000)
 Metaspace       used 22029K, capacity 22346K, committed 22704K, reserved 1069056K
  class space    used 2438K, capacity 2547K, committed 2560K, reserved 1048576K
}
Event: 4.965 GC heap before
{Heap before GC invocations=8 (full 1):
 PSYoungGen      total 147456K, used 146976K [0x00000000d5580000, 0x00000000e2300000, 0x0000000100000000)
  eden space 144384K, 100% used [0x00000000d5580000,0x00000000de280000,0x00000000de280000)
  from space 3072K, 84% used [0x00000000e2000000,0x00000000e2288150,0x00000000e2300000)
  to   space 11264K, 0% used [0x00000000e0d00000,0x00000000e0d00000,0x00000000e1800000)
 ParOldGen       total 85504K, used 9857K [0x0000000080000000, 0x0000000085380000, 0x00000000d5580000)
  object space 85504K, 11% used [0x0000000080000000,0x00000000809a0500,0x0000000085380000)
 Metaspace       used 25561K, capacity 25966K, committed 26240K, reserved 1073152K
  class space    used 2941K, capacity 3084K, committed 3200K, reserved 1048576K
Event: 4.978 GC heap after
Heap after GC invocations=8 (full 1):
 PSYoungGen      total 199168K, used 10011K [0x00000000d5580000, 0x00000000e3b80000, 0x0000000100000000)
  eden space 187904K, 0% used [0x00000000d5580000,0x00000000d5580000,0x00000000e0d00000)
  from space 11264K, 88% used [0x00000000e0d00000,0x00000000e16c6c30,0x00000000e1800000)
  to   space 12288K, 0% used [0x00000000e2f80000,0x00000000e2f80000,0x00000000e3b80000)
 ParOldGen       total 85504K, used 9857K [0x0000000080000000, 0x0000000085380000, 0x00000000d5580000)
  object space 85504K, 11% used [0x0000000080000000,0x00000000809a0500,0x0000000085380000)
 Metaspace       used 25561K, capacity 25966K, committed 26240K, reserved 1073152K
  class space    used 2941K, capacity 3084K, committed 3200K, reserved 1048576K
}

